Analysis & Synthesis report for vendingmachine
Thu Oct 12 10:20:38 2023
Quartus Prime Version 22.1std.1 Build 917 02/14/2023 SC Lite Edition


---------------------
; Table of Contents ;
---------------------
  1. Legal Notice
  2. Analysis & Synthesis Summary
  3. Analysis & Synthesis Settings
  4. Parallel Compilation
  5. Analysis & Synthesis Source Files Read
  6. Analysis & Synthesis Resource Usage Summary
  7. Analysis & Synthesis Resource Utilization by Entity
  8. General Register Statistics
  9. Parameter Settings for User Entity Instance: debouncer:clk_db
 10. Parameter Settings for User Entity Instance: debouncer:res_db
 11. Port Connectivity Checks: "outputlogic:comb_6|changesev:comb_4|d416:comb_3"
 12. Port Connectivity Checks: "D_FF_neg:three"
 13. Port Connectivity Checks: "D_FF_neg:two"
 14. Port Connectivity Checks: "D_FF_neg:one"
 15. Port Connectivity Checks: "D_FF_neg:zero"
 16. Post-Synthesis Netlist Statistics for Top Partition
 17. Elapsed Time Per Partition
 18. Analysis & Synthesis Messages



----------------
; Legal Notice ;
----------------
Copyright (C) 2023  Intel Corporation. All rights reserved.
Your use of Intel Corporation's design tools, logic functions 
and other software and tools, and any partner logic 
functions, and any output files from any of the foregoing 
(including device programming or simulation files), and any 
associated documentation or information are expressly subject 
to the terms and conditions of the Intel Program License 
Subscription Agreement, the Intel Quartus Prime License Agreement,
the Intel FPGA IP License Agreement, or other applicable license
agreement, including, without limitation, that your use is for
the sole purpose of programming logic devices manufactured by
Intel and sold by Intel or its authorized distributors.  Please
refer to the applicable agreement for further details, at
https://fpgasoftware.intel.com/eula.



+-------------------------------------------------------------------------------------+
; Analysis & Synthesis Summary                                                        ;
+------------------------------------+------------------------------------------------+
; Analysis & Synthesis Status        ; Successful - Thu Oct 12 10:20:38 2023          ;
; Quartus Prime Version              ; 22.1std.1 Build 917 02/14/2023 SC Lite Edition ;
; Revision Name                      ; vendingmachine                                 ;
; Top-level Entity Name              ; vendingmachine                                 ;
; Family                             ; MAX 10                                         ;
; Total logic elements               ; 79                                             ;
;     Total combinational functions  ; 79                                             ;
;     Dedicated logic registers      ; 38                                             ;
; Total registers                    ; 38                                             ;
; Total pins                         ; 27                                             ;
; Total virtual pins                 ; 0                                              ;
; Total memory bits                  ; 0                                              ;
; Embedded Multiplier 9-bit elements ; 0                                              ;
; Total PLLs                         ; 0                                              ;
; UFM blocks                         ; 0                                              ;
; ADC blocks                         ; 0                                              ;
+------------------------------------+------------------------------------------------+


+------------------------------------------------------------------------------------------------------------+
; Analysis & Synthesis Settings                                                                              ;
+------------------------------------------------------------------+--------------------+--------------------+
; Option                                                           ; Setting            ; Default Value      ;
+------------------------------------------------------------------+--------------------+--------------------+
; Device                                                           ; 10M50DAF484C7G     ;                    ;
; Top-level entity name                                            ; vendingmachine     ; vendingmachine     ;
; Family name                                                      ; MAX 10             ; Cyclone V          ;
; Use smart compilation                                            ; Off                ; Off                ;
; Enable parallel Assembler and Timing Analyzer during compilation ; On                 ; On                 ;
; Enable compact report table                                      ; Off                ; Off                ;
; Restructure Multiplexers                                         ; Auto               ; Auto               ;
; Create Debugging Nodes for IP Cores                              ; Off                ; Off                ;
; Preserve fewer node names                                        ; On                 ; On                 ;
; Intel FPGA IP Evaluation Mode                                    ; Enable             ; Enable             ;
; Verilog Version                                                  ; Verilog_2001       ; Verilog_2001       ;
; VHDL Version                                                     ; VHDL_1993          ; VHDL_1993          ;
; State Machine Processing                                         ; Auto               ; Auto               ;
; Safe State Machine                                               ; Off                ; Off                ;
; Extract Verilog State Machines                                   ; On                 ; On                 ;
; Extract VHDL State Machines                                      ; On                 ; On                 ;
; Ignore Verilog initial constructs                                ; Off                ; Off                ;
; Iteration limit for constant Verilog loops                       ; 5000               ; 5000               ;
; Iteration limit for non-constant Verilog loops                   ; 250                ; 250                ;
; Add Pass-Through Logic to Inferred RAMs                          ; On                 ; On                 ;
; Infer RAMs from Raw Logic                                        ; On                 ; On                 ;
; Parallel Synthesis                                               ; On                 ; On                 ;
; DSP Block Balancing                                              ; Auto               ; Auto               ;
; NOT Gate Push-Back                                               ; On                 ; On                 ;
; Power-Up Don't Care                                              ; On                 ; On                 ;
; Remove Redundant Logic Cells                                     ; Off                ; Off                ;
; Remove Duplicate Registers                                       ; On                 ; On                 ;
; Ignore CARRY Buffers                                             ; Off                ; Off                ;
; Ignore CASCADE Buffers                                           ; Off                ; Off                ;
; Ignore GLOBAL Buffers                                            ; Off                ; Off                ;
; Ignore ROW GLOBAL Buffers                                        ; Off                ; Off                ;
; Ignore LCELL Buffers                                             ; Off                ; Off                ;
; Ignore SOFT Buffers                                              ; On                 ; On                 ;
; Limit AHDL Integers to 32 Bits                                   ; Off                ; Off                ;
; Optimization Technique                                           ; Balanced           ; Balanced           ;
; Carry Chain Length                                               ; 70                 ; 70                 ;
; Auto Carry Chains                                                ; On                 ; On                 ;
; Auto Open-Drain Pins                                             ; On                 ; On                 ;
; Perform WYSIWYG Primitive Resynthesis                            ; Off                ; Off                ;
; Auto ROM Replacement                                             ; On                 ; On                 ;
; Auto RAM Replacement                                             ; On                 ; On                 ;
; Auto DSP Block Replacement                                       ; On                 ; On                 ;
; Auto Shift Register Replacement                                  ; Auto               ; Auto               ;
; Allow Shift Register Merging across Hierarchies                  ; Auto               ; Auto               ;
; Auto Clock Enable Replacement                                    ; On                 ; On                 ;
; Strict RAM Replacement                                           ; Off                ; Off                ;
; Allow Synchronous Control Signals                                ; On                 ; On                 ;
; Force Use of Synchronous Clear Signals                           ; Off                ; Off                ;
; Auto RAM Block Balancing                                         ; On                 ; On                 ;
; Auto RAM to Logic Cell Conversion                                ; Off                ; Off                ;
; Auto Resource Sharing                                            ; Off                ; Off                ;
; Allow Any RAM Size For Recognition                               ; Off                ; Off                ;
; Allow Any ROM Size For Recognition                               ; Off                ; Off                ;
; Allow Any Shift Register Size For Recognition                    ; Off                ; Off                ;
; Use LogicLock Constraints during Resource Balancing              ; On                 ; On                 ;
; Ignore translate_off and synthesis_off directives                ; Off                ; Off                ;
; Timing-Driven Synthesis                                          ; On                 ; On                 ;
; Report Parameter Settings                                        ; On                 ; On                 ;
; Report Source Assignments                                        ; On                 ; On                 ;
; Report Connectivity Checks                                       ; On                 ; On                 ;
; Ignore Maximum Fan-Out Assignments                               ; Off                ; Off                ;
; Synchronization Register Chain Length                            ; 2                  ; 2                  ;
; Power Optimization During Synthesis                              ; Normal compilation ; Normal compilation ;
; HDL message level                                                ; Level2             ; Level2             ;
; Suppress Register Optimization Related Messages                  ; Off                ; Off                ;
; Number of Removed Registers Reported in Synthesis Report         ; 5000               ; 5000               ;
; Number of Swept Nodes Reported in Synthesis Report               ; 5000               ; 5000               ;
; Number of Inverted Registers Reported in Synthesis Report        ; 100                ; 100                ;
; Clock MUX Protection                                             ; On                 ; On                 ;
; Auto Gated Clock Conversion                                      ; Off                ; Off                ;
; Block Design Naming                                              ; Auto               ; Auto               ;
; SDC constraint protection                                        ; Off                ; Off                ;
; Synthesis Effort                                                 ; Auto               ; Auto               ;
; Shift Register Replacement - Allow Asynchronous Clear Signal     ; On                 ; On                 ;
; Pre-Mapping Resynthesis Optimization                             ; Off                ; Off                ;
; Analysis & Synthesis Message Level                               ; Medium             ; Medium             ;
; Disable Register Merging Across Hierarchies                      ; Auto               ; Auto               ;
; Resource Aware Inference For Block RAM                           ; On                 ; On                 ;
+------------------------------------------------------------------+--------------------+--------------------+


+------------------------------------------+
; Parallel Compilation                     ;
+----------------------------+-------------+
; Processors                 ; Number      ;
+----------------------------+-------------+
; Number detected on machine ; 12          ;
; Maximum allowed            ; 10          ;
;                            ;             ;
; Average used               ; 1.00        ;
; Maximum used               ; 10          ;
;                            ;             ;
; Usage by Processor         ; % Time Used ;
;     Processor 1            ; 100.0%      ;
;     Processor 2            ;   0.0%      ;
;     Processors 3-10        ;   0.0%      ;
+----------------------------+-------------+


+----------------------------------------------------------------------------------------------------------------------------------------------------------------------------------------------------------------------------------------------------------------------+
; Analysis & Synthesis Source Files Read                                                                                                                                                                                                                               ;
+----------------------------------+-----------------+------------------------------+------------------------------------------------------------------------------------------------------------------------------------------------------------------------+---------+
; File Name with User-Entered Path ; Used in Netlist ; File Type                    ; File Name with Absolute Path                                                                                                                                           ; Library ;
+----------------------------------+-----------------+------------------------------+------------------------------------------------------------------------------------------------------------------------------------------------------------------------+---------+
; statelogic.sv                    ; yes             ; User SystemVerilog HDL File  ; C:/Users/akujo_2rtofyy/OneDrive - South Dakota State University - SDSU/#SDSU Courses/CSC 244 - Digital Logic/PR1_Vending_Machine/Project 1/statelogic.sv               ;         ;
; debouncer.sv                     ; yes             ; User SystemVerilog HDL File  ; C:/Users/akujo_2rtofyy/OneDrive - South Dakota State University - SDSU/#SDSU Courses/CSC 244 - Digital Logic/PR1_Vending_Machine/Project 1/debouncer.sv                ;         ;
; vendingmachine.sv                ; yes             ; User SystemVerilog HDL File  ; C:/Users/akujo_2rtofyy/OneDrive - South Dakota State University - SDSU/#SDSU Courses/CSC 244 - Digital Logic/PR1_Vending_Machine/Project 1/vendingmachine.sv           ;         ;
; encoder.sv                       ; yes             ; User SystemVerilog HDL File  ; C:/Users/akujo_2rtofyy/OneDrive - South Dakota State University - SDSU/#SDSU Courses/CSC 244 - Digital Logic/PR1_Vending_Machine/Project 1/encoder.sv                  ;         ;
; D_FF_neg.sv                      ; yes             ; User SystemVerilog HDL File  ; C:/Users/akujo_2rtofyy/OneDrive - South Dakota State University - SDSU/#SDSU Courses/CSC 244 - Digital Logic/PR1_Vending_Machine/Project 1/D_FF_neg.sv                 ;         ;
; seven_seg.sv                     ; yes             ; User SystemVerilog HDL File  ; C:/Users/akujo_2rtofyy/OneDrive - South Dakota State University - SDSU/#SDSU Courses/CSC 244 - Digital Logic/PR1_Vending_Machine/Project 1/seven_seg.sv                ;         ;
; d416.sv                          ; yes             ; User SystemVerilog HDL File  ; C:/Users/akujo_2rtofyy/OneDrive - South Dakota State University - SDSU/#SDSU Courses/CSC 244 - Digital Logic/PR1_Vending_Machine/Project 1/d416.sv                     ;         ;
; output_files/tomd416.sv          ; yes             ; User SystemVerilog HDL File  ; C:/Users/akujo_2rtofyy/OneDrive - South Dakota State University - SDSU/#SDSU Courses/CSC 244 - Digital Logic/PR1_Vending_Machine/Project 1/output_files/tomd416.sv     ;         ;
; output_files/changesev.sv        ; yes             ; User SystemVerilog HDL File  ; C:/Users/akujo_2rtofyy/OneDrive - South Dakota State University - SDSU/#SDSU Courses/CSC 244 - Digital Logic/PR1_Vending_Machine/Project 1/output_files/changesev.sv   ;         ;
; output_files/outputlogic.sv      ; yes             ; User SystemVerilog HDL File  ; C:/Users/akujo_2rtofyy/OneDrive - South Dakota State University - SDSU/#SDSU Courses/CSC 244 - Digital Logic/PR1_Vending_Machine/Project 1/output_files/outputlogic.sv ;         ;
+----------------------------------+-----------------+------------------------------+------------------------------------------------------------------------------------------------------------------------------------------------------------------------+---------+


+------------------------------------------------------------+
; Analysis & Synthesis Resource Usage Summary                ;
+---------------------------------------------+--------------+
; Resource                                    ; Usage        ;
+---------------------------------------------+--------------+
; Estimated Total logic elements              ; 79           ;
;                                             ;              ;
; Total combinational functions               ; 79           ;
; Logic element usage by number of LUT inputs ;              ;
;     -- 4 input functions                    ; 40           ;
;     -- 3 input functions                    ; 6            ;
;     -- <=2 input functions                  ; 33           ;
;                                             ;              ;
; Logic elements by mode                      ;              ;
;     -- normal mode                          ; 49           ;
;     -- arithmetic mode                      ; 30           ;
;                                             ;              ;
; Total registers                             ; 38           ;
;     -- Dedicated logic registers            ; 38           ;
;     -- I/O registers                        ; 0            ;
;                                             ;              ;
; I/O pins                                    ; 27           ;
;                                             ;              ;
; Embedded Multiplier 9-bit elements          ; 0            ;
;                                             ;              ;
; Maximum fan-out node                        ; clk50m~input ;
; Maximum fan-out                             ; 34           ;
; Total fan-out                               ; 401          ;
; Average fan-out                             ; 2.35         ;
+---------------------------------------------+--------------+


+-----------------------------------------------------------------------------------------------------------------------------------------------------------------------------------------------------------------------------------------------------------------------+
; Analysis & Synthesis Resource Utilization by Entity                                                                                                                                                                                                                   ;
+----------------------------+---------------------+---------------------------+-------------+------------+--------------+---------+-----------+------+--------------+------------+-----------------------------------------------------+----------------+--------------+
; Compilation Hierarchy Node ; Combinational ALUTs ; Dedicated Logic Registers ; Memory Bits ; UFM Blocks ; DSP Elements ; DSP 9x9 ; DSP 18x18 ; Pins ; Virtual Pins ; ADC blocks ; Full Hierarchy Name                                 ; Entity Name    ; Library Name ;
+----------------------------+---------------------+---------------------------+-------------+------------+--------------+---------+-----------+------+--------------+------------+-----------------------------------------------------+----------------+--------------+
; |vendingmachine            ; 79 (0)              ; 38 (0)                    ; 0           ; 0          ; 0            ; 0       ; 0         ; 27   ; 0            ; 0          ; |vendingmachine                                     ; vendingmachine ; work         ;
;    |D_FF_neg:one|          ; 0 (0)               ; 1 (1)                     ; 0           ; 0          ; 0            ; 0       ; 0         ; 0    ; 0            ; 0          ; |vendingmachine|D_FF_neg:one                        ; D_FF_neg       ; work         ;
;    |D_FF_neg:three|        ; 0 (0)               ; 1 (1)                     ; 0           ; 0          ; 0            ; 0       ; 0         ; 0    ; 0            ; 0          ; |vendingmachine|D_FF_neg:three                      ; D_FF_neg       ; work         ;
;    |D_FF_neg:two|          ; 0 (0)               ; 1 (1)                     ; 0           ; 0          ; 0            ; 0       ; 0         ; 0    ; 0            ; 0          ; |vendingmachine|D_FF_neg:two                        ; D_FF_neg       ; work         ;
;    |D_FF_neg:zero|         ; 0 (0)               ; 1 (1)                     ; 0           ; 0          ; 0            ; 0       ; 0         ; 0    ; 0            ; 0          ; |vendingmachine|D_FF_neg:zero                       ; D_FF_neg       ; work         ;
;    |debouncer:clk_db|      ; 23 (23)             ; 17 (17)                   ; 0           ; 0          ; 0            ; 0       ; 0         ; 0    ; 0            ; 0          ; |vendingmachine|debouncer:clk_db                    ; debouncer      ; work         ;
;    |debouncer:res_db|      ; 22 (22)             ; 17 (17)                   ; 0           ; 0          ; 0            ; 0       ; 0         ; 0    ; 0            ; 0          ; |vendingmachine|debouncer:res_db                    ; debouncer      ; work         ;
;    |outputlogic:comb_6|    ; 10 (0)              ; 0 (0)                     ; 0           ; 0          ; 0            ; 0       ; 0         ; 0    ; 0            ; 0          ; |vendingmachine|outputlogic:comb_6                  ; outputlogic    ; work         ;
;       |changesev:comb_4|   ; 2 (2)               ; 0 (0)                     ; 0           ; 0          ; 0            ; 0       ; 0         ; 0    ; 0            ; 0          ; |vendingmachine|outputlogic:comb_6|changesev:comb_4 ; changesev      ; work         ;
;       |seven_seg:comb_3|   ; 8 (8)               ; 0 (0)                     ; 0           ; 0          ; 0            ; 0       ; 0         ; 0    ; 0            ; 0          ; |vendingmachine|outputlogic:comb_6|seven_seg:comb_3 ; seven_seg      ; work         ;
;    |statelogic:comb_4|     ; 21 (21)             ; 0 (0)                     ; 0           ; 0          ; 0            ; 0       ; 0         ; 0    ; 0            ; 0          ; |vendingmachine|statelogic:comb_4                   ; statelogic     ; work         ;
;    |tomd416:comb_5|        ; 3 (3)               ; 0 (0)                     ; 0           ; 0          ; 0            ; 0       ; 0         ; 0    ; 0            ; 0          ; |vendingmachine|tomd416:comb_5                      ; tomd416        ; work         ;
+----------------------------+---------------------+---------------------------+-------------+------------+--------------+---------+-----------+------+--------------+------------+-----------------------------------------------------+----------------+--------------+
Note: For table entries with two numbers listed, the numbers in parentheses indicate the number of resources of the given type used by the specific entity alone. The numbers listed outside of parentheses indicate the total resources of the given type used by the specific entity and all of its sub-entities in the hierarchy.


+------------------------------------------------------+
; General Register Statistics                          ;
+----------------------------------------------+-------+
; Statistic                                    ; Value ;
+----------------------------------------------+-------+
; Total registers                              ; 38    ;
; Number of registers using Synchronous Clear  ; 32    ;
; Number of registers using Synchronous Load   ; 0     ;
; Number of registers using Asynchronous Clear ; 4     ;
; Number of registers using Asynchronous Load  ; 0     ;
; Number of registers using Clock Enable       ; 0     ;
; Number of registers using Preset             ; 0     ;
+----------------------------------------------+-------+


+---------------------------------------------------------------+
; Parameter Settings for User Entity Instance: debouncer:clk_db ;
+----------------+------------------+---------------------------+
; Parameter Name ; Value            ; Type                      ;
+----------------+------------------+---------------------------+
; COMPARE        ; 1100001101010000 ; Unsigned Binary           ;
+----------------+------------------+---------------------------+
Note: In order to hide this table in the UI and the text report file, please set the "Show Parameter Settings in Synthesis Report" option in "Analysis and Synthesis Settings -> More Settings" to "Off".


+---------------------------------------------------------------+
; Parameter Settings for User Entity Instance: debouncer:res_db ;
+----------------+------------------+---------------------------+
; Parameter Name ; Value            ; Type                      ;
+----------------+------------------+---------------------------+
; COMPARE        ; 1100001101010000 ; Unsigned Binary           ;
+----------------+------------------+---------------------------+
Note: In order to hide this table in the UI and the text report file, please set the "Show Parameter Settings in Synthesis Report" option in "Analysis and Synthesis Settings -> More Settings" to "Off".


+-------------------------------------------------------------------------------------------------------------------+
; Port Connectivity Checks: "outputlogic:comb_6|changesev:comb_4|d416:comb_3"                                       ;
+---------+--------+----------+-------------------------------------------------------------------------------------+
; Port    ; Type   ; Severity ; Details                                                                             ;
+---------+--------+----------+-------------------------------------------------------------------------------------+
; y[5..0] ; Output ; Info     ; Connected to dangling logic. Logic that only feeds a dangling port will be removed. ;
+---------+--------+----------+-------------------------------------------------------------------------------------+


+-------------------------------------------------------------------------------------------------------------------------------------+
; Port Connectivity Checks: "D_FF_neg:three"                                                                                          ;
+------+--------+----------+----------------------------------------------------------------------------------------------------------+
; Port ; Type   ; Severity ; Details                                                                                                  ;
+------+--------+----------+----------------------------------------------------------------------------------------------------------+
; Qb   ; Output ; Warning  ; Declared by entity but not connected by instance. Logic that only feeds a dangling port will be removed. ;
+------+--------+----------+----------------------------------------------------------------------------------------------------------+


+-------------------------------------------------------------------------------------------------------------------------------------+
; Port Connectivity Checks: "D_FF_neg:two"                                                                                            ;
+------+--------+----------+----------------------------------------------------------------------------------------------------------+
; Port ; Type   ; Severity ; Details                                                                                                  ;
+------+--------+----------+----------------------------------------------------------------------------------------------------------+
; Qb   ; Output ; Warning  ; Declared by entity but not connected by instance. Logic that only feeds a dangling port will be removed. ;
+------+--------+----------+----------------------------------------------------------------------------------------------------------+


+-------------------------------------------------------------------------------------------------------------------------------------+
; Port Connectivity Checks: "D_FF_neg:one"                                                                                            ;
+------+--------+----------+----------------------------------------------------------------------------------------------------------+
; Port ; Type   ; Severity ; Details                                                                                                  ;
+------+--------+----------+----------------------------------------------------------------------------------------------------------+
; Qb   ; Output ; Warning  ; Declared by entity but not connected by instance. Logic that only feeds a dangling port will be removed. ;
+------+--------+----------+----------------------------------------------------------------------------------------------------------+


+-------------------------------------------------------------------------------------------------------------------------------------+
; Port Connectivity Checks: "D_FF_neg:zero"                                                                                           ;
+------+--------+----------+----------------------------------------------------------------------------------------------------------+
; Port ; Type   ; Severity ; Details                                                                                                  ;
+------+--------+----------+----------------------------------------------------------------------------------------------------------+
; Qb   ; Output ; Warning  ; Declared by entity but not connected by instance. Logic that only feeds a dangling port will be removed. ;
+------+--------+----------+----------------------------------------------------------------------------------------------------------+


+-----------------------------------------------------+
; Post-Synthesis Netlist Statistics for Top Partition ;
+-----------------------+-----------------------------+
; Type                  ; Count                       ;
+-----------------------+-----------------------------+
; boundary_port         ; 27                          ;
; cycloneiii_ff         ; 38                          ;
;     CLR               ; 4                           ;
;     SCLR              ; 32                          ;
;     plain             ; 2                           ;
; cycloneiii_lcell_comb ; 89                          ;
;     arith             ; 30                          ;
;         2 data inputs ; 30                          ;
;     normal            ; 59                          ;
;         0 data inputs ; 1                           ;
;         1 data inputs ; 11                          ;
;         2 data inputs ; 1                           ;
;         3 data inputs ; 6                           ;
;         4 data inputs ; 40                          ;
;                       ;                             ;
; Max LUT depth         ; 4.00                        ;
; Average LUT depth     ; 2.53                        ;
+-----------------------+-----------------------------+


+-------------------------------+
; Elapsed Time Per Partition    ;
+----------------+--------------+
; Partition Name ; Elapsed Time ;
+----------------+--------------+
; Top            ; 00:00:00     ;
+----------------+--------------+


+-------------------------------+
; Analysis & Synthesis Messages ;
+-------------------------------+
Info: *******************************************************************
Info: Running Quartus Prime Analysis & Synthesis
    Info: Version 22.1std.1 Build 917 02/14/2023 SC Lite Edition
    Info: Processing started: Thu Oct 12 10:20:31 2023
Info: Command: quartus_map --read_settings_files=on --write_settings_files=off vendingmachine -c vendingmachine
Warning (18236): Number of processors has not been specified which may cause overloading on shared machines.  Set the global assignment NUM_PARALLEL_PROCESSORS in your QSF to an appropriate value for best performance.
Info (20030): Parallel compilation is enabled and will use 10 of the 10 processors detected
Info (12021): Found 1 design units, including 1 entities, in source file statelogic.sv
    Info (12023): Found entity 1: statelogic File: C:/Users/akujo_2rtofyy/OneDrive - South Dakota State University - SDSU/#SDSU Courses/CSC 244 - Digital Logic/PR1_Vending_Machine/Project 1/statelogic.sv Line: 17
Info (12021): Found 1 design units, including 1 entities, in source file debouncer.sv
    Info (12023): Found entity 1: debouncer File: C:/Users/akujo_2rtofyy/OneDrive - South Dakota State University - SDSU/#SDSU Courses/CSC 244 - Digital Logic/PR1_Vending_Machine/Project 1/debouncer.sv Line: 15
Info (12021): Found 1 design units, including 1 entities, in source file vendingmachine.sv
    Info (12023): Found entity 1: vendingmachine File: C:/Users/akujo_2rtofyy/OneDrive - South Dakota State University - SDSU/#SDSU Courses/CSC 244 - Digital Logic/PR1_Vending_Machine/Project 1/vendingmachine.sv Line: 19
Info (12021): Found 1 design units, including 1 entities, in source file encoder.sv
    Info (12023): Found entity 1: encoder File: C:/Users/akujo_2rtofyy/OneDrive - South Dakota State University - SDSU/#SDSU Courses/CSC 244 - Digital Logic/PR1_Vending_Machine/Project 1/encoder.sv Line: 15
Info (12021): Found 1 design units, including 1 entities, in source file d_ff_neg.sv
    Info (12023): Found entity 1: D_FF_neg File: C:/Users/akujo_2rtofyy/OneDrive - South Dakota State University - SDSU/#SDSU Courses/CSC 244 - Digital Logic/PR1_Vending_Machine/Project 1/D_FF_neg.sv Line: 22
Info (12021): Found 1 design units, including 1 entities, in source file seven_seg.sv
    Info (12023): Found entity 1: seven_seg File: C:/Users/akujo_2rtofyy/OneDrive - South Dakota State University - SDSU/#SDSU Courses/CSC 244 - Digital Logic/PR1_Vending_Machine/Project 1/seven_seg.sv Line: 1
Info (12021): Found 1 design units, including 1 entities, in source file d416.sv
    Info (12023): Found entity 1: d416 File: C:/Users/akujo_2rtofyy/OneDrive - South Dakota State University - SDSU/#SDSU Courses/CSC 244 - Digital Logic/PR1_Vending_Machine/Project 1/d416.sv Line: 1
Info (12021): Found 1 design units, including 1 entities, in source file output_files/tomd416.sv
    Info (12023): Found entity 1: tomd416 File: C:/Users/akujo_2rtofyy/OneDrive - South Dakota State University - SDSU/#SDSU Courses/CSC 244 - Digital Logic/PR1_Vending_Machine/Project 1/output_files/tomd416.sv Line: 1
Info (12021): Found 1 design units, including 1 entities, in source file output_files/changesev.sv
    Info (12023): Found entity 1: changesev File: C:/Users/akujo_2rtofyy/OneDrive - South Dakota State University - SDSU/#SDSU Courses/CSC 244 - Digital Logic/PR1_Vending_Machine/Project 1/output_files/changesev.sv Line: 1
Info (12021): Found 1 design units, including 1 entities, in source file output_files/outputlogic.sv
    Info (12023): Found entity 1: outputlogic File: C:/Users/akujo_2rtofyy/OneDrive - South Dakota State University - SDSU/#SDSU Courses/CSC 244 - Digital Logic/PR1_Vending_Machine/Project 1/output_files/outputlogic.sv Line: 1
Critical Warning (10846): Verilog HDL Instantiation warning at vendingmachine.sv(36): instance has no name File: C:/Users/akujo_2rtofyy/OneDrive - South Dakota State University - SDSU/#SDSU Courses/CSC 244 - Digital Logic/PR1_Vending_Machine/Project 1/vendingmachine.sv Line: 36
Critical Warning (10846): Verilog HDL Instantiation warning at vendingmachine.sv(39): instance has no name File: C:/Users/akujo_2rtofyy/OneDrive - South Dakota State University - SDSU/#SDSU Courses/CSC 244 - Digital Logic/PR1_Vending_Machine/Project 1/vendingmachine.sv Line: 39
Critical Warning (10846): Verilog HDL Instantiation warning at vendingmachine.sv(46): instance has no name File: C:/Users/akujo_2rtofyy/OneDrive - South Dakota State University - SDSU/#SDSU Courses/CSC 244 - Digital Logic/PR1_Vending_Machine/Project 1/vendingmachine.sv Line: 46
Critical Warning (10846): Verilog HDL Instantiation warning at seven_seg.sv(11): instance has no name File: C:/Users/akujo_2rtofyy/OneDrive - South Dakota State University - SDSU/#SDSU Courses/CSC 244 - Digital Logic/PR1_Vending_Machine/Project 1/seven_seg.sv Line: 11
Critical Warning (10846): Verilog HDL Instantiation warning at outputlogic.sv(7): instance has no name File: C:/Users/akujo_2rtofyy/OneDrive - South Dakota State University - SDSU/#SDSU Courses/CSC 244 - Digital Logic/PR1_Vending_Machine/Project 1/output_files/outputlogic.sv Line: 7
Critical Warning (10846): Verilog HDL Instantiation warning at changesev.sv(11): instance has no name File: C:/Users/akujo_2rtofyy/OneDrive - South Dakota State University - SDSU/#SDSU Courses/CSC 244 - Digital Logic/PR1_Vending_Machine/Project 1/output_files/changesev.sv Line: 11
Critical Warning (10846): Verilog HDL Instantiation warning at outputlogic.sv(8): instance has no name File: C:/Users/akujo_2rtofyy/OneDrive - South Dakota State University - SDSU/#SDSU Courses/CSC 244 - Digital Logic/PR1_Vending_Machine/Project 1/output_files/outputlogic.sv Line: 8
Critical Warning (10846): Verilog HDL Instantiation warning at vendingmachine.sv(48): instance has no name File: C:/Users/akujo_2rtofyy/OneDrive - South Dakota State University - SDSU/#SDSU Courses/CSC 244 - Digital Logic/PR1_Vending_Machine/Project 1/vendingmachine.sv Line: 48
Info (12127): Elaborating entity "vendingmachine" for the top level hierarchy
Info (12128): Elaborating entity "debouncer" for hierarchy "debouncer:clk_db" File: C:/Users/akujo_2rtofyy/OneDrive - South Dakota State University - SDSU/#SDSU Courses/CSC 244 - Digital Logic/PR1_Vending_Machine/Project 1/vendingmachine.sv Line: 32
Info (12128): Elaborating entity "encoder" for hierarchy "encoder:comb_3" File: C:/Users/akujo_2rtofyy/OneDrive - South Dakota State University - SDSU/#SDSU Courses/CSC 244 - Digital Logic/PR1_Vending_Machine/Project 1/vendingmachine.sv Line: 36
Info (12128): Elaborating entity "statelogic" for hierarchy "statelogic:comb_4" File: C:/Users/akujo_2rtofyy/OneDrive - South Dakota State University - SDSU/#SDSU Courses/CSC 244 - Digital Logic/PR1_Vending_Machine/Project 1/vendingmachine.sv Line: 39
Info (12128): Elaborating entity "D_FF_neg" for hierarchy "D_FF_neg:zero" File: C:/Users/akujo_2rtofyy/OneDrive - South Dakota State University - SDSU/#SDSU Courses/CSC 244 - Digital Logic/PR1_Vending_Machine/Project 1/vendingmachine.sv Line: 41
Info (12128): Elaborating entity "tomd416" for hierarchy "tomd416:comb_5" File: C:/Users/akujo_2rtofyy/OneDrive - South Dakota State University - SDSU/#SDSU Courses/CSC 244 - Digital Logic/PR1_Vending_Machine/Project 1/vendingmachine.sv Line: 46
Info (12128): Elaborating entity "outputlogic" for hierarchy "outputlogic:comb_6" File: C:/Users/akujo_2rtofyy/OneDrive - South Dakota State University - SDSU/#SDSU Courses/CSC 244 - Digital Logic/PR1_Vending_Machine/Project 1/vendingmachine.sv Line: 48
Info (12128): Elaborating entity "seven_seg" for hierarchy "outputlogic:comb_6|seven_seg:comb_3" File: C:/Users/akujo_2rtofyy/OneDrive - South Dakota State University - SDSU/#SDSU Courses/CSC 244 - Digital Logic/PR1_Vending_Machine/Project 1/output_files/outputlogic.sv Line: 7
Info (12128): Elaborating entity "d416" for hierarchy "outputlogic:comb_6|seven_seg:comb_3|d416:comb_3" File: C:/Users/akujo_2rtofyy/OneDrive - South Dakota State University - SDSU/#SDSU Courses/CSC 244 - Digital Logic/PR1_Vending_Machine/Project 1/seven_seg.sv Line: 11
Info (12128): Elaborating entity "changesev" for hierarchy "outputlogic:comb_6|changesev:comb_4" File: C:/Users/akujo_2rtofyy/OneDrive - South Dakota State University - SDSU/#SDSU Courses/CSC 244 - Digital Logic/PR1_Vending_Machine/Project 1/output_files/outputlogic.sv Line: 8
Warning (12241): 4 hierarchies have connectivity warnings - see the Connectivity Checks report folder
Warning (13024): Output pins are stuck at VCC or GND
    Warning (13410): Pin "c[5]" is stuck at VCC File: C:/Users/akujo_2rtofyy/OneDrive - South Dakota State University - SDSU/#SDSU Courses/CSC 244 - Digital Logic/PR1_Vending_Machine/Project 1/vendingmachine.sv Line: 21
Info (286030): Timing-Driven Synthesis is running
Info (16010): Generating hard_block partition "hard_block:auto_generated_inst"
    Info (16011): Adding 0 node(s), including 0 DDIO, 0 PLL, 0 transceiver and 0 LCELL
Info (21057): Implemented 106 device resources after synthesis - the final resource count might be different
    Info (21058): Implemented 6 input pins
    Info (21059): Implemented 21 output pins
    Info (21061): Implemented 79 logic cells
Info: Quartus Prime Analysis & Synthesis was successful. 0 errors, 12 warnings
    Info: Peak virtual memory: 4822 megabytes
    Info: Processing ended: Thu Oct 12 10:20:38 2023
    Info: Elapsed time: 00:00:07
    Info: Total CPU time (on all processors): 00:00:03


